
Showing logs for build [32msalaboy-demo-conference-monolit-h4bjn-2[0m stage [32mfrom-build-pack[0m and container [32mstep-credential-initializer-jzk4z[0m
{"level":"warn","ts":1572948489.2455604,"logger":"fallback-logger","caller":"logging/config.go:69","msg":"Fetch GitHub commit ID from kodata failed: \"ref: refs/heads/master\" is not a valid GitHub commit ID"}
{"level":"info","ts":1572948489.2462826,"logger":"fallback-logger","caller":"creds-init/main.go:40","msg":"Credentials initialized."}

Showing logs for build [32msalaboy-demo-conference-monolit-h4bjn-2[0m stage [32mfrom-build-pack[0m and container [32mstep-working-dir-initializer-2tp98[0m
{"level":"warn","ts":1572948489.787581,"logger":"fallback-logger","caller":"logging/config.go:69","msg":"Fetch GitHub commit ID from kodata failed: open /var/run/ko/HEAD: no such file or directory"}
{"level":"info","ts":1572948489.7914126,"logger":"fallback-logger","caller":"bash/main.go:65","msg":"Successfully executed command \"mkdir -p /workspace/source\""}

Showing logs for build [32msalaboy-demo-conference-monolit-h4bjn-2[0m stage [32mfrom-build-pack[0m and container [32mstep-place-tools[0m

Showing logs for build [32msalaboy-demo-conference-monolit-h4bjn-2[0m stage [32mfrom-build-pack[0m and container [32mstep-git-source-salaboy-demo-conference-monolit-ck4hd[0m
{"level":"warn","ts":1572948497.0043564,"logger":"fallback-logger","caller":"logging/config.go:69","msg":"Fetch GitHub commit ID from kodata failed: \"ref: refs/heads/master\" is not a valid GitHub commit ID"}
{"level":"info","ts":1572948498.2988503,"logger":"fallback-logger","caller":"git/git.go:102","msg":"Successfully cloned https://github.com/*******/demo-conference-monolith.git @ v0.0.23 in path /workspace/source"}

Showing logs for build [32msalaboy-demo-conference-monolit-h4bjn-2[0m stage [32mfrom-build-pack[0m and container [32mstep-git-merge[0m
Using SHAs from PULL_REFS=master:0474f94f35054fe14f001b061ca8bf054ea201ba
WARNING: no SHAs to merge, falling back to initial cloned commit

Showing logs for build [32msalaboy-demo-conference-monolit-h4bjn-2[0m stage [32mfrom-build-pack[0m and container [32mstep-setup-jx-git-credentials[0m
Generated Git credentials file /workspace/xdg_config/git/credentials

Showing logs for build [32msalaboy-demo-conference-monolit-h4bjn-2[0m stage [32mfrom-build-pack[0m and container [32mstep-build-mvn-deploy[0m
Picked up _JAVA_OPTIONS: -XX:+UnlockExperimentalVMOptions -XX:+UseCGroupMemoryLimitForHeap -Dsun.zip.disableMemoryMapping=true -XX:+UseParallelGC -XX:MinHeapFreeRatio=5 -XX:MaxHeapFreeRatio=10 -XX:GCTimeRatio=4 -XX:AdaptiveSizePolicyWeight=90 -Xms10m -Xmx192m
OpenJDK 64-Bit Server VM warning: If the number of processors is expected to increase from one, then you should configure the number of parallel GC threads appropriately using -XX:ParallelGCThreads=N
[INFO] Scanning for projects...
[INFO] 
[INFO] ----------< com.*******.conferences:demo-conference-monolith >----------
[INFO] Building Site 0.0.23
[INFO] --------------------------------[ jar ]---------------------------------
[INFO] 
[INFO] --- maven-clean-plugin:3.1.0:clean (default-clean) @ demo-conference-monolith ---
[INFO] 
[INFO] --- maven-resources-plugin:3.1.0:resources (default-resources) @ demo-conference-monolith ---
[INFO] Using 'UTF-8' encoding to copy filtered resources.
[INFO] Copying 1 resource
[INFO] Copying 6 resources
[INFO] 
[INFO] --- maven-compiler-plugin:3.8.1:compile (default-compile) @ demo-conference-monolith ---
[INFO] Changes detected - recompiling the module!
[INFO] Compiling 1 source file to /workspace/source/target/classes
[INFO] 
[INFO] --- maven-resources-plugin:3.1.0:testResources (default-testResources) @ demo-conference-monolith ---
[INFO] Using 'UTF-8' encoding to copy filtered resources.
[INFO] skip non existing resourceDirectory /workspace/source/src/test/resources
[INFO] 
[INFO] --- maven-compiler-plugin:3.8.1:testCompile (default-testCompile) @ demo-conference-monolith ---
[INFO] Changes detected - recompiling the module!
[INFO] Compiling 1 source file to /workspace/source/target/test-classes
[INFO] 
[INFO] --- maven-surefire-plugin:3.0.0-M1:test (default-test) @ demo-conference-monolith ---
[INFO] 
[INFO] -------------------------------------------------------
[INFO]  T E S T S
[INFO] -------------------------------------------------------
[INFO] Running com.*******.conferences.site.DemoApplicationTests
10:08:37.543 [main] DEBUG org.springframework.test.context.junit4.SpringJUnit4ClassRunner - SpringJUnit4ClassRunner constructor called with [class com.*******.conferences.site.DemoApplicationTests]
10:08:37.573 [main] DEBUG org.springframework.test.context.BootstrapUtils - Instantiating CacheAwareContextLoaderDelegate from class [org.springframework.test.context.cache.DefaultCacheAwareContextLoaderDelegate]
10:08:37.608 [main] DEBUG org.springframework.test.context.BootstrapUtils - Instantiating BootstrapContext using constructor [public org.springframework.test.context.support.DefaultBootstrapContext(java.lang.Class,org.springframework.test.context.CacheAwareContextLoaderDelegate)]
10:08:37.690 [main] DEBUG org.springframework.test.context.BootstrapUtils - Instantiating TestContextBootstrapper for test class [com.*******.conferences.site.DemoApplicationTests] from class [org.springframework.boot.test.context.SpringBootTestContextBootstrapper]
10:08:37.731 [main] INFO org.springframework.boot.test.context.SpringBootTestContextBootstrapper - Neither @ContextConfiguration nor @ContextHierarchy found for test class [com.*******.conferences.site.DemoApplicationTests], using SpringBootContextLoader
10:08:37.748 [main] DEBUG org.springframework.test.context.support.AbstractContextLoader - Did not detect default resource location for test class [com.*******.conferences.site.DemoApplicationTests]: class path resource [com/*******/conferences/site/DemoApplicationTests-context.xml] does not exist
10:08:37.748 [main] DEBUG org.springframework.test.context.support.AbstractContextLoader - Did not detect default resource location for test class [com.*******.conferences.site.DemoApplicationTests]: class path resource [com/*******/conferences/site/DemoApplicationTestsContext.groovy] does not exist
10:08:37.749 [main] INFO org.springframework.test.context.support.AbstractContextLoader - Could not detect default resource locations for test class [com.*******.conferences.site.DemoApplicationTests]: no resource found for suffixes {-context.xml, Context.groovy}.
10:08:37.755 [main] INFO org.springframework.test.context.support.AnnotationConfigContextLoaderUtils - Could not detect default configuration classes for test class [com.*******.conferences.site.DemoApplicationTests]: DemoApplicationTests does not declare any static, non-private, non-final, nested classes annotated with @Configuration.
10:08:38.001 [main] DEBUG org.springframework.test.context.support.ActiveProfilesUtils - Could not find an 'annotation declaring class' for annotation type [org.springframework.test.context.ActiveProfiles] and class [com.*******.conferences.site.DemoApplicationTests]
10:08:38.239 [main] DEBUG org.springframework.context.annotation.ClassPathScanningCandidateComponentProvider - Identified candidate component class: file [/workspace/source/target/classes/com/*******/conferences/site/DemoApplication.class]
10:08:38.243 [main] INFO org.springframework.boot.test.context.SpringBootTestContextBootstrapper - Found @SpringBootConfiguration com.*******.conferences.site.DemoApplication for test class com.*******.conferences.site.DemoApplicationTests
10:08:38.502 [main] DEBUG org.springframework.boot.test.context.SpringBootTestContextBootstrapper - @TestExecutionListeners is not present for class [com.*******.conferences.site.DemoApplicationTests]: using defaults.
10:08:38.506 [main] INFO org.springframework.boot.test.context.SpringBootTestContextBootstrapper - Loaded default TestExecutionListener class names from location [META-INF/spring.factories]: [org.springframework.boot.test.mock.mockito.MockitoTestExecutionListener, org.springframework.boot.test.mock.mockito.ResetMocksTestExecutionListener, org.springframework.boot.test.autoconfigure.restdocs.RestDocsTestExecutionListener, org.springframework.boot.test.autoconfigure.web.client.MockRestServiceServerResetTestExecutionListener, org.springframework.boot.test.autoconfigure.web.servlet.MockMvcPrintOnlyOnFailureTestExecutionListener, org.springframework.boot.test.autoconfigure.web.servlet.WebDriverTestExecutionListener, org.springframework.test.context.web.ServletTestExecutionListener, org.springframework.test.context.support.DirtiesContextBeforeModesTestExecutionListener, org.springframework.test.context.support.DependencyInjectionTestExecutionListener, org.springframework.test.context.support.DirtiesContextTestExecutionListener, org.springframework.test.context.transaction.TransactionalTestExecutionListener, org.springframework.test.context.jdbc.SqlScriptsTestExecutionListener]
10:08:38.549 [main] DEBUG org.springframework.boot.test.context.SpringBootTestContextBootstrapper - Skipping candidate TestExecutionListener [org.springframework.test.context.web.ServletTestExecutionListener] due to a missing dependency. Specify custom listener classes or make the default listener classes and their required dependencies available. Offending class: [javax/servlet/ServletContext]
10:08:38.557 [main] DEBUG org.springframework.boot.test.context.SpringBootTestContextBootstrapper - Skipping candidate TestExecutionListener [org.springframework.test.context.transaction.TransactionalTestExecutionListener] due to a missing dependency. Specify custom listener classes or make the default listener classes and their required dependencies available. Offending class: [org/springframework/transaction/TransactionDefinition]
10:08:38.558 [main] DEBUG org.springframework.boot.test.context.SpringBootTestContextBootstrapper - Skipping candidate TestExecutionListener [org.springframework.test.context.jdbc.SqlScriptsTestExecutionListener] due to a missing dependency. Specify custom listener classes or make the default listener classes and their required dependencies available. Offending class: [org/springframework/transaction/interceptor/TransactionAttribute]
10:08:38.559 [main] INFO org.springframework.boot.test.context.SpringBootTestContextBootstrapper - Using TestExecutionListeners: [org.springframework.test.context.support.DirtiesContextBeforeModesTestExecutionListener@50eac852, org.springframework.boot.test.mock.mockito.MockitoTestExecutionListener@16ec5519, org.springframework.boot.test.autoconfigure.SpringBootDependencyInjectionTestExecutionListener@2f7298b, org.springframework.test.context.support.DirtiesContextTestExecutionListener@188715b5, org.springframework.boot.test.mock.mockito.ResetMocksTestExecutionListener@1ea9f6af, org.springframework.boot.test.autoconfigure.restdocs.RestDocsTestExecutionListener@6a192cfe, org.springframework.boot.test.autoconfigure.web.client.MockRestServiceServerResetTestExecutionListener@5119fb47, org.springframework.boot.test.autoconfigure.web.servlet.MockMvcPrintOnlyOnFailureTestExecutionListener@7193666c, org.springframework.boot.test.autoconfigure.web.servlet.WebDriverTestExecutionListener@20deea7f]
10:08:38.564 [main] DEBUG org.springframework.test.annotation.ProfileValueUtils - Retrieved @ProfileValueSourceConfiguration [null] for test class [com.*******.conferences.site.DemoApplicationTests]
10:08:38.566 [main] DEBUG org.springframework.test.annotation.ProfileValueUtils - Retrieved ProfileValueSource type [class org.springframework.test.annotation.SystemProfileValueSource] for class [com.*******.conferences.site.DemoApplicationTests]
10:08:38.576 [main] DEBUG org.springframework.test.annotation.ProfileValueUtils - Retrieved @ProfileValueSourceConfiguration [null] for test class [com.*******.conferences.site.DemoApplicationTests]
10:08:38.583 [main] DEBUG org.springframework.test.annotation.ProfileValueUtils - Retrieved ProfileValueSource type [class org.springframework.test.annotation.SystemProfileValueSource] for class [com.*******.conferences.site.DemoApplicationTests]
10:08:38.585 [main] DEBUG org.springframework.test.annotation.ProfileValueUtils - Retrieved @ProfileValueSourceConfiguration [null] for test class [com.*******.conferences.site.DemoApplicationTests]
10:08:38.587 [main] DEBUG org.springframework.test.annotation.ProfileValueUtils - Retrieved ProfileValueSource type [class org.springframework.test.annotation.SystemProfileValueSource] for class [com.*******.conferences.site.DemoApplicationTests]
10:08:38.606 [main] DEBUG org.springframework.test.context.support.AbstractDirtiesContextTestExecutionListener - Before test class: context [DefaultTestContext@1a451d4d testClass = DemoApplicationTests, testInstance = [null], testMethod = [null], testException = [null], mergedContextConfiguration = [ReactiveWebMergedContextConfiguration@7fa98a66 testClass = DemoApplicationTests, locations = '{}', classes = '{class com.*******.conferences.site.DemoApplication}', contextInitializerClasses = '[]', activeProfiles = '{}', propertySourceLocations = '{}', propertySourceProperties = '{org.springframework.boot.test.context.SpringBootTestContextBootstrapper=true}', contextCustomizers = set[org.springframework.boot.test.context.filter.ExcludeFilterContextCustomizer@27a8c74e, org.springframework.boot.test.json.DuplicateJsonObjectContextCustomizerFactory$DuplicateJsonObjectContextCustomizer@646d64ab, org.springframework.boot.test.mock.mockito.MockitoContextCustomizer@0, org.springframework.boot.test.web.client.TestRestTemplateContextCustomizer@2f943d71, org.springframework.boot.test.web.reactive.server.WebTestClientContextCustomizer@2a742aa2, org.springframework.boot.test.autoconfigure.properties.PropertyMappingContextCustomizer@0, org.springframework.boot.test.autoconfigure.web.servlet.WebDriverContextCustomizerFactory$Customizer@2c039ac6], contextLoader = 'org.springframework.boot.test.context.SpringBootContextLoader', parent = [null]], attributes = map[[empty]]], class annotated with @DirtiesContext [false] with mode [null].
10:08:38.607 [main] DEBUG org.springframework.test.annotation.ProfileValueUtils - Retrieved @ProfileValueSourceConfiguration [null] for test class [com.*******.conferences.site.DemoApplicationTests]
10:08:38.612 [main] DEBUG org.springframework.test.annotation.ProfileValueUtils - Retrieved ProfileValueSource type [class org.springframework.test.annotation.SystemProfileValueSource] for class [com.*******.conferences.site.DemoApplicationTests]
10:08:38.629 [main] DEBUG org.springframework.test.context.support.DependencyInjectionTestExecutionListener - Performing dependency injection for test context [[DefaultTestContext@1a451d4d testClass = DemoApplicationTests, testInstance = com.*******.conferences.site.DemoApplicationTests@359f7cdf, testMethod = [null], testException = [null], mergedContextConfiguration = [ReactiveWebMergedContextConfiguration@7fa98a66 testClass = DemoApplicationTests, locations = '{}', classes = '{class com.*******.conferences.site.DemoApplication}', contextInitializerClasses = '[]', activeProfiles = '{}', propertySourceLocations = '{}', propertySourceProperties = '{org.springframework.boot.test.context.SpringBootTestContextBootstrapper=true}', contextCustomizers = set[org.springframework.boot.test.context.filter.ExcludeFilterContextCustomizer@27a8c74e, org.springframework.boot.test.json.DuplicateJsonObjectContextCustomizerFactory$DuplicateJsonObjectContextCustomizer@646d64ab, org.springframework.boot.test.mock.mockito.MockitoContextCustomizer@0, org.springframework.boot.test.web.client.TestRestTemplateContextCustomizer@2f943d71, org.springframework.boot.test.web.reactive.server.WebTestClientContextCustomizer@2a742aa2, org.springframework.boot.test.autoconfigure.properties.PropertyMappingContextCustomizer@0, org.springframework.boot.test.autoconfigure.web.servlet.WebDriverContextCustomizerFactory$Customizer@2c039ac6], contextLoader = 'org.springframework.boot.test.context.SpringBootContextLoader', parent = [null]], attributes = map[[empty]]]].
10:08:38.708 [main] DEBUG org.springframework.test.context.support.TestPropertySourceUtils - Adding inlined properties to environment: {spring.jmx.enabled=false, org.springframework.boot.test.context.SpringBootTestContextBootstrapper=true, server.port=-1}

  .   ____          _            __ _ _
 /\\ / ___'_ __ _ _(_)_ __  __ _ \ \ \ \
( ( )\___ | '_ | '_| | '_ \/ _` | \ \ \ \
 \\/  ___)| |_)| | | | | || (_| |  ) ) ) )
  '  |____| .__|_| |_|_| |_\__, | / / / /
 =========|_|==============|___/=/_/_/_/
 :: Spring Boot ::        (v2.1.9.RELEASE)

2019-11-05 10:08:39.730  INFO 70 --- [           main] c.s.c.site.DemoApplicationTests          : Starting DemoApplicationTests on *******-demo-conference-monolit-h4bjn-2-from-build-pack-8qj8p-p with PID 70 (started by root in /workspace/source)
2019-11-05 10:08:39.744  INFO 70 --- [           main] c.s.c.site.DemoApplicationTests          : No active profile set, falling back to default profiles: default
2019-11-05 10:08:45.432  INFO 70 --- [           main] o.s.b.a.e.web.EndpointLinksResolver      : Exposing 2 endpoint(s) beneath base path '/actuator'
2019-11-05 10:08:47.115  INFO 70 --- [           main] c.s.c.site.DemoApplicationTests          : Started DemoApplicationTests in 8.369 seconds (JVM running for 10.92)
[INFO] Tests run: 1, Failures: 0, Errors: 0, Skipped: 0, Time elapsed: 10.348 s - in com.*******.conferences.site.DemoApplicationTests
[INFO] 
[INFO] Results:
[INFO] 
[INFO] Tests run: 1, Failures: 0, Errors: 0, Skipped: 0
[INFO] 
[INFO] 
[INFO] --- maven-jar-plugin:3.1.2:jar (default-jar) @ demo-conference-monolith ---
[INFO] Building jar: /workspace/source/target/demo-conference-monolith-0.0.23.jar
[INFO] 
[INFO] --- spring-boot-maven-plugin:2.1.9.RELEASE:repackage (repackage) @ demo-conference-monolith ---
[INFO] Replacing main artifact with repackaged archive
[INFO] 
[INFO] --- maven-install-plugin:2.5.2:install (default-install) @ demo-conference-monolith ---
[INFO] Installing /workspace/source/target/demo-conference-monolith-0.0.23.jar to /home/jenkins/.mvnrepository/com/*******/conferences/demo-conference-monolith/0.0.23/demo-conference-monolith-0.0.23.jar
[INFO] Installing /workspace/source/pom.xml to /home/jenkins/.mvnrepository/com/*******/conferences/demo-conference-monolith/0.0.23/demo-conference-monolith-0.0.23.pom
[INFO] 
[INFO] --- maven-deploy-plugin:2.8.2:deploy (default-deploy) @ demo-conference-monolith ---
[INFO] Using alternate deployment repository local-nexus::default::http://nexus/repository/maven-releases/
[INFO] ------------------------------------------------------------------------
[INFO] BUILD SUCCESS
[INFO] ------------------------------------------------------------------------
[INFO] Total time:  30.578 s
[INFO] Finished at: 2019-11-05T10:08:52Z
[INFO] ------------------------------------------------------------------------

Showing logs for build [32msalaboy-demo-conference-monolit-h4bjn-2[0m stage [32mfrom-build-pack[0m and container [32mstep-build-skaffold-version[0m
v0.38.0

Showing logs for build [32msalaboy-demo-conference-monolit-h4bjn-2[0m stage [32mfrom-build-pack[0m and container [32mstep-build-container-build[0m
[36mINFO[0m[0000] Downloading base image openjdk:8-jdk-slim    
ERROR: logging before flag.Parse: E1105 10:08:53.254713      10 metadata.go:142] while reading 'google-dockercfg' metadata: http status code: 404 while fetching url http://metadata.google.internal./computeMetadata/v1/instance/attributes/google-dockercfg
ERROR: logging before flag.Parse: E1105 10:08:53.259623      10 metadata.go:159] while reading 'google-dockercfg-url' metadata: http status code: 404 while fetching url http://metadata.google.internal./computeMetadata/v1/instance/attributes/google-dockercfg-url
2019/11/05 10:08:53 No matching credentials were found, falling back on anonymous
[36mINFO[0m[0001] Error while retrieving image from cache: getting file info: stat /workspace/sha256:2f75fd4d652d8a4730b0e4ebbc9609e019283536e63aab95d30fb7c7f8d444fb: no such file or directory 
[36mINFO[0m[0001] Downloading base image openjdk:8-jdk-slim    
2019/11/05 10:08:54 No matching credentials were found, falling back on anonymous
[36mINFO[0m[0002] cmd: EXPOSE                                  
[36mINFO[0m[0002] Adding exposed port: 8080/tcp                
[36mINFO[0m[0002] Using files from context: [/workspace/source/pom.xml] 
[36mINFO[0m[0002] Using files from context: [/workspace/source/target/demo-conference-monolith-0.0.23.jar] 
[36mINFO[0m[0002] Skipping unpacking as no commands require it. 
[36mINFO[0m[0002] Taking snapshot of full filesystem...        
[36mINFO[0m[0002] ENV PORT 8080                                
[36mINFO[0m[0002] No files changed in this command, skipping snapshotting. 
[36mINFO[0m[0002] ENV CLASSPATH /opt/lib                       
[36mINFO[0m[0002] No files changed in this command, skipping snapshotting. 
[36mINFO[0m[0002] EXPOSE 8080                                  
[36mINFO[0m[0002] cmd: EXPOSE                                  
[36mINFO[0m[0002] Adding exposed port: 8080/tcp                
[36mINFO[0m[0002] No files changed in this command, skipping snapshotting. 
[36mINFO[0m[0002] Using files from context: [/workspace/source/pom.xml] 
[36mINFO[0m[0002] COPY pom.xml target/lib* /opt/lib/           
[36mINFO[0m[0002] Taking snapshot of files...                  
[36mINFO[0m[0002] Using files from context: [/workspace/source/target/demo-conference-monolith-0.0.23.jar] 
[36mINFO[0m[0002] COPY target/*.jar /opt/app.jar               
[36mINFO[0m[0002] Taking snapshot of files...                  
[36mINFO[0m[0002] WORKDIR /opt                                 
[36mINFO[0m[0002] cmd: workdir                                 
[36mINFO[0m[0002] Changed working directory to /opt            
[36mINFO[0m[0002] No files changed in this command, skipping snapshotting. 
[36mINFO[0m[0002] CMD ["java", "-XX:+UnlockExperimentalVMOptions", "-XX:+UseCGroupMemoryLimitForHeap", "-jar", "app.jar"] 
[36mINFO[0m[0002] No files changed in this command, skipping snapshotting. 
2019/11/05 10:08:56 existing blob: sha256:3da6fe7ff2ef0f58119eb2e8cb12c5c0b471527be95d43274b396f36fc5bbccd
2019/11/05 10:08:56 existing blob: sha256:740864fcc29dcd68c386fc2893b1fe5bf974e361523cb7cd32dd706fcfa93d82
2019/11/05 10:08:56 existing blob: sha256:02c32ad92c0d8181bc1743181730c576205286effbb08239f8f613acda6d4889
2019/11/05 10:08:56 existing blob: sha256:8d691f585fa8cec0eba196be460cfaffd69939782d6162986c3e0c5225d54f02
2019/11/05 10:09:00 pushed blob: sha256:5fc50807ec3f732bc49b86fc1f848b4e22c5f684e85bde0de7b13d7a89ee5066
2019/11/05 10:09:00 pushed blob: sha256:26333f7913594177a7f9567e8639baa62dbd4138472c079237a8d88b7552ac1a
2019/11/05 10:09:03 pushed blob: sha256:b5cd9688395b466f3c695b6b7555e567ddb379f74f1404c0cf73db1068fed083
2019/11/05 10:09:05 gcr.io/camunda-consulting-de/demo-conference-monolith:0.0.23: digest: sha256:d2d6afe8bbdb43924139bebe8a76076be45e1e808b78d67a3e2d6f02f8529a95 size: 1244

Showing logs for build [32msalaboy-demo-conference-monolit-h4bjn-2[0m stage [32mfrom-build-pack[0m and container [32mstep-build-post-build[0m
no CVE provider running in the current ** namespace so skip adding image to be analysed

Showing logs for build [32msalaboy-demo-conference-monolit-h4bjn-2[0m stage [32mfrom-build-pack[0m and container [32mstep-promote-changelog[0m
Converted /workspace/source/charts/demo-conference-monolith to an unshallow repository
Generating change log from git ref 51792253a620795c9595c0b1fcac6e10246eae06 => 09dc6ac08e746a672331917430703194e6cd8849
WARNING: No release found for *******/demo-conference-monolith and tag v0.0.23 so creating a new release
Updated the release information at https://github.com/*******/demo-conference-monolith/releases/tag/v0.0.23
generated: /workspace/source/charts/demo-conference-monolith/templates/release.yaml
Created Release demo-conference-monolith-0-0-23 resource in namespace **
Updating PipelineActivity *******-demo-conference-monolith-master-2 with version 0.0.23
Updated PipelineActivities *******-demo-conference-monolith-master-2 with release notes URL: https://github.com/*******/demo-conference-monolith/releases/tag/v0.0.23

Showing logs for build [32msalaboy-demo-conference-monolit-h4bjn-2[0m stage [32mfrom-build-pack[0m and container [32mstep-promote-helm-release[0m
WARNING: No $CHART_REPOSITORY defined so using the default value of: http://jenkins-x-chartmuseum:8080
Adding missing Helm repo: storage.googleapis.com https://storage.googleapis.com/chartmuseum.jenkins-x.io
Successfully added Helm repository storage.googleapis.com.
Adding missing Helm repo: jenkins-x-chartmuseum http://jenkins-x-chartmuseum:8080
Successfully added Helm repository jenkins-x-chartmuseum.
WARNING: No $CHART_REPOSITORY defined so using the default value of: http://jenkins-x-chartmuseum:8080
Uploading chart file demo-conference-monolith-0.0.23.tgz to http://jenkins-x-chartmuseum:8080/api/charts
Received 201 response: {"saved":true}

Showing logs for build [32msalaboy-demo-conference-monolit-h4bjn-2[0m stage [32mfrom-build-pack[0m and container [32mstep-promote-jx-promote[0m
WARNING: prow based install so skip waiting for the merge of Pull Requests to go green as currently there is an issue with gettingstatuses from the PR, see https://github.com/jenkins-x/**/issues/2410
Promoting app demo-conference-monolith version 0.0.23 to namespace **-staging
Created Pull Request: https://github.com/*******/environment-soujava-webinar-staging/pull/14
Added label updatebot to Pull Request https://github.com/*******/environment-soujava-webinar-staging/pull/14
got git provider status pending from PR https://github.com/*******/environment-soujava-webinar-staging/pull/14
got git provider status pending from PR https://github.com/*******/environment-soujava-webinar-staging/pull/14
got git provider status pending from PR https://github.com/*******/environment-soujava-webinar-staging/pull/14
got git provider status pending from PR https://github.com/*******/environment-soujava-webinar-staging/pull/14
got git provider status pending from PR https://github.com/*******/environment-soujava-webinar-staging/pull/14
Pull Request https://github.com/*******/environment-soujava-webinar-staging/pull/14 is merged at sha 84910f4a2a257c5d6d0937b4278f3671dbdbcb37
Pull Request merged but we are not waiting for the update pipeline to complete!
WARNING: Could not find the service URL in namespace **-staging for names demo-conference-monolith, **-demo-conference-monolith, **-staging-demo-conference-monolith
